<?xml version="1.0" encoding="UTF-8"?>
<!-- Generated by org.testng.reporters.JUnitReportReporter -->
<testsuite hostname="YCSLAP0537" failures="0" tests="4" name="pet.store.test.UserTests" time="7.640" errors="0" timestamp="2024-10-24T15:00:12 IST" skipped="0">
  <testcase classname="pet.store.test.UserTests" name="testPostUser" time="2.622"/>
  <testcase classname="pet.store.test.UserTests" name="testGetUserByName" time="1.319"/>
  <testcase classname="pet.store.test.UserTests" name="testUpdateUserByName" time="2.595"/>
  <testcase classname="pet.store.test.UserTests" name="testDeleteUser" time="1.104"/>
</testsuite> <!-- pet.store.test.UserTests -->
