<?xml version="1.0" encoding="UTF-8"?>
<!-- Generated by org.testng.reporters.JUnitReportReporter -->
<testsuite hostname="YCSLAP0537" failures="0" tests="6" name="pet.store.test.DataDrivenTest" time="7.940" errors="0" timestamp="2024-11-04T16:10:13 IST" skipped="0">
  <testcase classname="pet.store.test.DataDrivenTest" name="testPostUser" time="1.105"/>
  <testcase classname="pet.store.test.DataDrivenTest" name="testPostUser" time="1.106"/>
  <testcase classname="pet.store.test.DataDrivenTest" name="testPostUser" time="2.453"/>
  <testcase classname="pet.store.test.DataDrivenTest" name="testDeleteUser" time="1.084"/>
  <testcase classname="pet.store.test.DataDrivenTest" name="testDeleteUser" time="1.087"/>
  <testcase classname="pet.store.test.DataDrivenTest" name="testDeleteUser" time="1.105"/>
</testsuite> <!-- pet.store.test.DataDrivenTest -->
