<?xml version="1.0" encoding="UTF-8"?>
<!-- Generated by org.testng.reporters.JUnitReportReporter -->
<testsuite hostname="YCSLAP0537" failures="0" tests="4" name="pet.store.test.UserTests" time="5.423" errors="0" timestamp="2024-11-14T17:10:13 IST" skipped="0">
  <testcase classname="pet.store.test.UserTests" name="testPostUser" time="1.096"/>
  <testcase classname="pet.store.test.UserTests" name="testGetUserByName" time="1.075"/>
  <testcase classname="pet.store.test.UserTests" name="testUpdateUserByName" time="2.168"/>
  <testcase classname="pet.store.test.UserTests" name="testDeleteUser" time="1.084"/>
</testsuite> <!-- pet.store.test.UserTests -->
